Sender: LSF System <lsfadmin@node3.kepler.hpc.local>
Subject: Job 8533: <ExpMPI_4_procs_run7> in cluster <kepler.lsf.hpc.local> Done

Job <ExpMPI_4_procs_run7> was submitted from host <mgr.kepler.hpc.local> by user <malkovsin.gmail.com> in cluster <kepler.lsf.hpc.local> at Sat May 10 22:44:22 2025
Job was executed on host(s) <4*node3.kepler.hpc.local>, in queue <normal>, as user <malkovsin.gmail.com> in cluster <kepler.lsf.hpc.local> at Sat May 10 22:44:22 2025
</home/malkovsin.gmail.com> was used as the home directory.
</home/malkovsin.gmail.com/Documents/lab3> was used as the working directory.
Started at Sat May 10 22:44:22 2025
Terminated at Sat May 10 22:44:34 2025
Results reported at Sat May 10 22:44:34 2025

Your job looked like:

------------------------------------------------------------
# LSBATCH: User input
#!/bin/bash
#BSUB -J ExpMPI_4_procs_run7
#BSUB -W 00:10
#BSUB -n 4
#BSUB -R "span[ptile=4]"
#BSUB -o logs/output_ExpMPI_4_procs_run7_%J.out
#BSUB -e logs/error_ExpMPI_4_procs_run7_%J.err
#BSUB -M 1GB

module load mpi/openmpi-x86_64
mpirun --bind-to core --map-by core ./exp_mpi

------------------------------------------------------------

Successfully completed.

Resource usage summary:

    CPU time :                                   24.80 sec.
    Max Memory :                                 901 MB
    Average Memory :                             688.00 MB
    Total Requested Memory :                     -
    Delta Memory :                               -
    Max Swap :                                   -
    Max Processes :                              20
    Max Threads :                                88
    Run time :                                   11 sec.
    Turnaround time :                            12 sec.

The output (if any) follows:

Matrix size: 100x100
Number of terms: 10000
Number of processes: 16
Execution time: 3.964546 seconds


PS:

Read file <logs/error_ExpMPI_4_procs_run7_8533.err> for stderr output of this job.

