Sender: LSF System <lsfadmin@node2.kepler.hpc.local>
Subject: Job 8669: <ExpMPI_1_procs_run3> in cluster <kepler.lsf.hpc.local> Done

Job <ExpMPI_1_procs_run3> was submitted from host <mgr.kepler.hpc.local> by user <malkovsin.gmail.com> in cluster <kepler.lsf.hpc.local> at Mon May 12 20:33:07 2025
Job was executed on host(s) <node2.kepler.hpc.local>, in queue <normal>, as user <malkovsin.gmail.com> in cluster <kepler.lsf.hpc.local> at Mon May 12 20:33:07 2025
</home/malkovsin.gmail.com> was used as the home directory.
</home/malkovsin.gmail.com/Documents/lab3> was used as the working directory.
Started at Mon May 12 20:33:07 2025
Terminated at Mon May 12 20:33:52 2025
Results reported at Mon May 12 20:33:52 2025

Your job looked like:

------------------------------------------------------------
# LSBATCH: User input
#!/bin/bash
#BSUB -J ExpMPI_1_procs_run3
#BSUB -W 00:05
#BSUB -n 1
#BSUB -R "span[ptile=1]"
#BSUB -o logs/output_ExpMPI_1_procs_run3_%J.out
#BSUB -e logs/error_ExpMPI_1_procs_run3_%J.err
#BSUB -M 512MB

module load mpi/openmpi-x86_64
mpirun --bind-to core --map-by core ./exp_mpi

------------------------------------------------------------

Successfully completed.

Resource usage summary:

    CPU time :                                   7.80 sec.
    Max Memory :                                 1035 MB
    Average Memory :                             234.80 MB
    Total Requested Memory :                     -
    Delta Memory :                               -
    Max Swap :                                   -
    Max Processes :                              20
    Max Threads :                                77
    Run time :                                   19 sec.
    Turnaround time :                            45 sec.

The output (if any) follows:

Matrix size: 3x3
Number of terms: 1000 (+ Identity)
Number of processes: 16
Matrix: A (Initial) (3x3)
  [  0.1000   0.4000   0.2000 ]
  [  0.3000   0.0000   0.5000 ]
  [  0.6000   0.2000   0.1000 ]

Starting calculation...
Calculation finished.
Execution time: 0.040878 seconds
Matrix: e^A (Result) (3x3)
  [  1.2638   0.4696   0.3450 ]
  [  0.5010   1.1409   0.5925 ]
  [  0.7374   0.3560   1.2528 ]



PS:

Read file <logs/error_ExpMPI_1_procs_run3_8669.err> for stderr output of this job.

