Sender: LSF System <lsfadmin@node5.kepler.hpc.local>
Subject: Job 8525: <ExpMPI_2_procs_run9> in cluster <kepler.lsf.hpc.local> Done

Job <ExpMPI_2_procs_run9> was submitted from host <mgr.kepler.hpc.local> by user <malkovsin.gmail.com> in cluster <kepler.lsf.hpc.local> at Sat May 10 22:44:19 2025
Job was executed on host(s) <2*node5.kepler.hpc.local>, in queue <normal>, as user <malkovsin.gmail.com> in cluster <kepler.lsf.hpc.local> at Sat May 10 22:44:21 2025
</home/malkovsin.gmail.com> was used as the home directory.
</home/malkovsin.gmail.com/Documents/lab3> was used as the working directory.
Started at Sat May 10 22:44:21 2025
Terminated at Sat May 10 22:44:49 2025
Results reported at Sat May 10 22:44:49 2025

Your job looked like:

------------------------------------------------------------
# LSBATCH: User input
#!/bin/bash
#BSUB -J ExpMPI_2_procs_run9
#BSUB -W 00:05
#BSUB -n 2
#BSUB -R "span[ptile=2]"
#BSUB -o logs/output_ExpMPI_2_procs_run9_%J.out
#BSUB -e logs/error_ExpMPI_2_procs_run9_%J.err
#BSUB -M 512MB

module load mpi/openmpi-x86_64
mpirun --bind-to core --map-by core ./exp_mpi

------------------------------------------------------------

Successfully completed.

Resource usage summary:

    CPU time :                                   23.63 sec.
    Max Memory :                                 928 MB
    Average Memory :                             192.40 MB
    Total Requested Memory :                     -
    Delta Memory :                               -
    Max Swap :                                   -
    Max Processes :                              20
    Max Threads :                                88
    Run time :                                   21 sec.
    Turnaround time :                            30 sec.

The output (if any) follows:

Matrix size: 100x100
Number of terms: 10000
Number of processes: 16
Execution time: 6.068956 seconds


PS:

Read file <logs/error_ExpMPI_2_procs_run9_8525.err> for stderr output of this job.

