Sender: LSF System <lsfadmin@node2.kepler.hpc.local>
Subject: Job 8556: <ExpMPI_16_procs_run10> in cluster <kepler.lsf.hpc.local> Done

Job <ExpMPI_16_procs_run10> was submitted from host <mgr.kepler.hpc.local> by user <malkovsin.gmail.com> in cluster <kepler.lsf.hpc.local> at Sat May 10 22:44:30 2025
Job was executed on host(s) <16*node2.kepler.hpc.local>, in queue <normal>, as user <malkovsin.gmail.com> in cluster <kepler.lsf.hpc.local> at Sat May 10 22:45:32 2025
</home/malkovsin.gmail.com> was used as the home directory.
</home/malkovsin.gmail.com/Documents/lab3> was used as the working directory.
Started at Sat May 10 22:45:32 2025
Terminated at Sat May 10 22:45:39 2025
Results reported at Sat May 10 22:45:39 2025

Your job looked like:

------------------------------------------------------------
# LSBATCH: User input
#!/bin/bash
#BSUB -J ExpMPI_16_procs_run10
#BSUB -W 00:20
#BSUB -n 16
#BSUB -R "span[ptile=16]"
#BSUB -o logs/output_ExpMPI_16_procs_run10_%J.out
#BSUB -e logs/error_ExpMPI_16_procs_run10_%J.err
#BSUB -M 2GB

module load mpi/openmpi-x86_64
mpirun --bind-to core --map-by core ./exp_mpi

------------------------------------------------------------

Successfully completed.

Resource usage summary:

    CPU time :                                   23.69 sec.
    Max Memory :                                 900 MB
    Average Memory :                             600.67 MB
    Total Requested Memory :                     -
    Delta Memory :                               -
    Max Swap :                                   -
    Max Processes :                              20
    Max Threads :                                88
    Run time :                                   8 sec.
    Turnaround time :                            69 sec.

The output (if any) follows:

Matrix size: 100x100
Number of terms: 10000
Number of processes: 16
Execution time: 1.001429 seconds


PS:

Read file <logs/error_ExpMPI_16_procs_run10_8556.err> for stderr output of this job.

