Sender: LSF System <lsfadmin@mgr.kepler.hpc.local>
Subject: Job 8538: <ExpMPI_8_procs_run2> in cluster <kepler.lsf.hpc.local> Done

Job <ExpMPI_8_procs_run2> was submitted from host <mgr.kepler.hpc.local> by user <malkovsin.gmail.com> in cluster <kepler.lsf.hpc.local> at Sat May 10 22:44:23 2025
Job was executed on host(s) <8*mgr.kepler.hpc.local>, in queue <normal>, as user <malkovsin.gmail.com> in cluster <kepler.lsf.hpc.local> at Sat May 10 22:44:24 2025
</home/malkovsin.gmail.com> was used as the home directory.
</home/malkovsin.gmail.com/Documents/lab3> was used as the working directory.
Started at Sat May 10 22:44:24 2025
Terminated at Sat May 10 22:47:06 2025
Results reported at Sat May 10 22:47:06 2025

Your job looked like:

------------------------------------------------------------
# LSBATCH: User input
#!/bin/bash
#BSUB -J ExpMPI_8_procs_run2
#BSUB -W 00:10
#BSUB -n 8
#BSUB -R "span[ptile=8]"
#BSUB -o logs/output_ExpMPI_8_procs_run2_%J.out
#BSUB -e logs/error_ExpMPI_8_procs_run2_%J.err
#BSUB -M 1GB

module load mpi/openmpi-x86_64
mpirun --bind-to core --map-by core ./exp_mpi

------------------------------------------------------------

Successfully completed.

Resource usage summary:

    CPU time :                                   48.33 sec.
    Max Memory :                                 1407 MB
    Average Memory :                             689.88 MB
    Total Requested Memory :                     -
    Delta Memory :                               -
    Max Swap :                                   -
    Max Processes :                              20
    Max Threads :                                88
    Run time :                                   160 sec.
    Turnaround time :                            163 sec.

The output (if any) follows:

Matrix size: 100x100
Number of terms: 10000
Number of processes: 16
Execution time: 48.323151 seconds


PS:

Read file <logs/error_ExpMPI_8_procs_run2_8538.err> for stderr output of this job.

