Sender: LSF System <lsfadmin@node2.kepler.hpc.local>
Subject: Job 8537: <ExpMPI_8_procs_run1> in cluster <kepler.lsf.hpc.local> Done

Job <ExpMPI_8_procs_run1> was submitted from host <mgr.kepler.hpc.local> by user <malkovsin.gmail.com> in cluster <kepler.lsf.hpc.local> at Sat May 10 22:44:23 2025
Job was executed on host(s) <8*node2.kepler.hpc.local>, in queue <normal>, as user <malkovsin.gmail.com> in cluster <kepler.lsf.hpc.local> at Sat May 10 22:44:27 2025
</home/malkovsin.gmail.com> was used as the home directory.
</home/malkovsin.gmail.com/Documents/lab3> was used as the working directory.
Started at Sat May 10 22:44:27 2025
Terminated at Sat May 10 22:44:37 2025
Results reported at Sat May 10 22:44:37 2025

Your job looked like:

------------------------------------------------------------
# LSBATCH: User input
#!/bin/bash
#BSUB -J ExpMPI_8_procs_run1
#BSUB -W 00:10
#BSUB -n 8
#BSUB -R "span[ptile=8]"
#BSUB -o logs/output_ExpMPI_8_procs_run1_%J.out
#BSUB -e logs/error_ExpMPI_8_procs_run1_%J.err
#BSUB -M 1GB

module load mpi/openmpi-x86_64
mpirun --bind-to core --map-by core ./exp_mpi

------------------------------------------------------------

Successfully completed.

Resource usage summary:

    CPU time :                                   22.74 sec.
    Max Memory :                                 98 MB
    Average Memory :                             37.25 MB
    Total Requested Memory :                     -
    Delta Memory :                               -
    Max Swap :                                   -
    Max Processes :                              20
    Max Threads :                                56
    Run time :                                   12 sec.
    Turnaround time :                            14 sec.

The output (if any) follows:

Matrix size: 100x100
Number of terms: 10000
Number of processes: 16
Execution time: 2.938384 seconds


PS:

Read file <logs/error_ExpMPI_8_procs_run1_8537.err> for stderr output of this job.

