Sender: LSF System <lsfadmin@node3.kepler.hpc.local>
Subject: Job 16783: <MPI_8_procs_run6> in cluster <kepler.lsf.hpc.local> Exited

Job <MPI_8_procs_run6> was submitted from host <mgr.kepler.hpc.local> by user <malkovsin.gmail.com> in cluster <kepler.lsf.hpc.local> at Mon May 26 08:54:37 2025
Job was executed on host(s) <8*node3.kepler.hpc.local>, in queue <normal>, as user <malkovsin.gmail.com> in cluster <kepler.lsf.hpc.local> at Mon May 26 09:14:49 2025
</home/malkovsin.gmail.com> was used as the home directory.
</home/malkovsin.gmail.com/Documents/newlab3> was used as the working directory.
Started at Mon May 26 09:14:49 2025
Terminated at Mon May 26 09:24:52 2025
Results reported at Mon May 26 09:24:52 2025

Your job looked like:

------------------------------------------------------------
# LSBATCH: User input
#!/bin/bash
#BSUB -J MPI_8_procs_run6
#BSUB -W 00:10
#BSUB -n 8
#BSUB -R "span[ptile=8]"
#BSUB -o logs/output_MPI_8_procs_run6_%J.out
#BSUB -e logs/error_MPI_8_procs_run6_%J.err
#BSUB -M 2GB

module load mpi/openmpi-x86_64
mpirun --bind-to core --map-by core ./exp_mpi

------------------------------------------------------------

TERM_RUNLIMIT: job killed after reaching LSF run time limit.
Exited with signal termination: 19.

Resource usage summary:

    CPU time :                                   4740.00 sec.
    Max Memory :                                 990 MB
    Average Memory :                             978.89 MB
    Total Requested Memory :                     -
    Delta Memory :                               -
    Max Swap :                                   133 MB
    Max Processes :                              20
    Max Threads :                                88
    Run time :                                   602 sec.
    Turnaround time :                            1815 sec.

The output (if any) follows:

Matrix size: 3x3
Number of terms: 50000000 (+ Identity)
Number of processes: 16
Matrix: A (Initial) (3x3)
  [  0.1000   0.4000   0.2000 ]
  [  0.3000   0.0000   0.5000 ]
  [  0.6000   0.2000   0.1000 ]

Starting calculation...


PS:

Read file <logs/error_MPI_8_procs_run6_16783.err> for stderr output of this job.

