Sender: LSF System <lsfadmin@mgr.kepler.hpc.local>
Subject: Job 23947: <MPI_4_procs_run10> in cluster <kepler.lsf.hpc.local> Exited

Job <MPI_4_procs_run10> was submitted from host <mgr.kepler.hpc.local> by user <malkovsin.gmail.com> in cluster <kepler.lsf.hpc.local> at Thu May 29 19:57:29 2025
Job was executed on host(s) <4*mgr.kepler.hpc.local>, in queue <normal>, as user <malkovsin.gmail.com> in cluster <kepler.lsf.hpc.local> at Thu May 29 20:03:00 2025
</home/malkovsin.gmail.com> was used as the home directory.
</home/malkovsin.gmail.com/Documents/newlab3> was used as the working directory.
Started at Thu May 29 20:03:00 2025
Terminated at Thu May 29 20:03:11 2025
Results reported at Thu May 29 20:03:19 2025

Your job looked like:

------------------------------------------------------------
# LSBATCH: User input
#!/bin/bash
#BSUB -J MPI_4_procs_run10
#BSUB -W 00:10
#BSUB -n 4
#BSUB -R "span[ptile=4]"
#BSUB -o logs/output_MPI_4_procs_run10_%J.out
#BSUB -e logs/error_MPI_4_procs_run10_%J.err
#BSUB -M 2GB

module load mpi/openmpi-x86_64
mpirun --bind-to core --map-by core ./exp_mpi

------------------------------------------------------------

TERM_OWNER: job killed by owner.
Exited.


The output (if any) follows:



PS:

Read file <logs/error_MPI_4_procs_run10_23947.err> for stderr output of this job.

