Sender: LSF System <lsfadmin@node5.kepler.hpc.local>
Subject: Job 16940: <OMP_8_threads_run8> in cluster <kepler.lsf.hpc.local> Done

Job <OMP_8_threads_run8> was submitted from host <mgr.kepler.hpc.local> by user <malkovsin.gmail.com> in cluster <kepler.lsf.hpc.local> at Mon May 26 09:20:47 2025
Job was executed on host(s) <node5.kepler.hpc.local>, in queue <normal>, as user <malkovsin.gmail.com> in cluster <kepler.lsf.hpc.local> at Mon May 26 09:25:53 2025
</home/malkovsin.gmail.com> was used as the home directory.
</home/malkovsin.gmail.com/Documents/newlab3> was used as the working directory.
Started at Mon May 26 09:25:53 2025
Terminated at Mon May 26 09:26:23 2025
Results reported at Mon May 26 09:26:23 2025

Your job looked like:

------------------------------------------------------------
# LSBATCH: User input
#!/bin/bash
#BSUB -J OMP_8_threads_run8
#BSUB -W 02:10
#BSUB -n 1
#BSUB -o logs/output_OMP_8_threads_run8_%J.out
#BSUB -e logs/error_OMP_8_threads_run8_%J.err
#BSUB -M 1GB

export OMP_NUM_THREADS=8
./exp_omp

------------------------------------------------------------

Successfully completed.

Resource usage summary:

    CPU time :                                   8.09 sec.
    Max Memory :                                 8 MB
    Average Memory :                             3.80 MB
    Total Requested Memory :                     -
    Delta Memory :                               -
    Max Swap :                                   -
    Max Processes :                              4
    Max Threads :                                12
    Run time :                                   32 sec.
    Turnaround time :                            336 sec.

The output (if any) follows:

Matrix size: 3x3
Number of terms: 50000000 (+ Identity)
Number of threads: 8
Matrix: A (Initial) (3x3)
Matrix: A (3x3)
[   0.1000   0.4000   0.2000 ]
[   0.3000   0.0000   0.5000 ]
[   0.6000   0.2000   0.1000 ]
Calculation finished.
Execution time: 3.600952 seconds
Matrix: e^A (Result) (3x3)
Matrix: e^A (3x3)
[   1.2881   1.0929   0.5588 ]
[   0.8363   1.0142   1.3667 ]
[   1.6430   0.5600   1.2868 ]


PS:

Read file <logs/error_OMP_8_threads_run8_16940.err> for stderr output of this job.

