Sender: LSF System <lsfadmin@mgr.kepler.hpc.local>
Subject: Job 16928: <OMP_4_threads_run6> in cluster <kepler.lsf.hpc.local> Done

Job <OMP_4_threads_run6> was submitted from host <mgr.kepler.hpc.local> by user <malkovsin.gmail.com> in cluster <kepler.lsf.hpc.local> at Mon May 26 09:20:42 2025
Job was executed on host(s) <mgr.kepler.hpc.local>, in queue <normal>, as user <malkovsin.gmail.com> in cluster <kepler.lsf.hpc.local> at Mon May 26 09:25:33 2025
</home/malkovsin.gmail.com> was used as the home directory.
</home/malkovsin.gmail.com/Documents/newlab3> was used as the working directory.
Started at Mon May 26 09:25:33 2025
Terminated at Mon May 26 09:25:49 2025
Results reported at Mon May 26 09:25:49 2025

Your job looked like:

------------------------------------------------------------
# LSBATCH: User input
#!/bin/bash
#BSUB -J OMP_4_threads_run6
#BSUB -W 02:10
#BSUB -n 1
#BSUB -o logs/output_OMP_4_threads_run6_%J.out
#BSUB -e logs/error_OMP_4_threads_run6_%J.err
#BSUB -M 1GB

export OMP_NUM_THREADS=4
./exp_omp

------------------------------------------------------------

Successfully completed.

Resource usage summary:

    CPU time :                                   2.34 sec.
    Max Memory :                                 7 MB
    Average Memory :                             4.67 MB
    Total Requested Memory :                     -
    Delta Memory :                               -
    Max Swap :                                   -
    Max Processes :                              4
    Max Threads :                                8
    Run time :                                   6 sec.
    Turnaround time :                            308 sec.

The output (if any) follows:

Matrix size: 3x3
Number of terms: 50000000 (+ Identity)
Number of threads: 4
Matrix: A (Initial) (3x3)
Matrix: A (3x3)
[   0.1000   0.4000   0.2000 ]
[   0.3000   0.0000   0.5000 ]
[   0.6000   0.2000   0.1000 ]
Calculation finished.
Execution time: 5.361394 seconds
Matrix: e^A (Result) (3x3)
Matrix: e^A (3x3)
[   1.2692   0.4736   0.3499 ]
[   0.5079   1.1451   0.5976 ]
[   0.7443   0.3612   1.2579 ]


PS:

Read file <logs/error_OMP_4_threads_run6_16928.err> for stderr output of this job.

