Sender: LSF System <lsfadmin@node3.kepler.hpc.local>
Subject: Job 16908: <OMP_1_threads_run6> in cluster <kepler.lsf.hpc.local> Done

Job <OMP_1_threads_run6> was submitted from host <mgr.kepler.hpc.local> by user <malkovsin.gmail.com> in cluster <kepler.lsf.hpc.local> at Mon May 26 09:20:36 2025
Job was executed on host(s) <node3.kepler.hpc.local>, in queue <normal>, as user <malkovsin.gmail.com> in cluster <kepler.lsf.hpc.local> at Mon May 26 09:25:15 2025
</home/malkovsin.gmail.com> was used as the home directory.
</home/malkovsin.gmail.com/Documents/newlab3> was used as the working directory.
Started at Mon May 26 09:25:15 2025
Terminated at Mon May 26 09:25:53 2025
Results reported at Mon May 26 09:25:53 2025

Your job looked like:

------------------------------------------------------------
# LSBATCH: User input
#!/bin/bash
#BSUB -J OMP_1_threads_run6
#BSUB -W 01:00
#BSUB -n 1
#BSUB -o logs/output_OMP_1_threads_run6_%J.out
#BSUB -e logs/error_OMP_1_threads_run6_%J.err
#BSUB -M 512MB

export OMP_NUM_THREADS=1
./exp_omp

------------------------------------------------------------

Successfully completed.

Resource usage summary:

    CPU time :                                   1.53 sec.
    Max Memory :                                 7 MB
    Average Memory :                             3.50 MB
    Total Requested Memory :                     -
    Delta Memory :                               -
    Max Swap :                                   -
    Max Processes :                              4
    Max Threads :                                5
    Run time :                                   51 sec.
    Turnaround time :                            317 sec.

The output (if any) follows:

Matrix size: 3x3
Number of terms: 50000000 (+ Identity)
Number of threads: 1
Matrix: A (Initial) (3x3)
Matrix: A (3x3)
[   0.1000   0.4000   0.2000 ]
[   0.3000   0.0000   0.5000 ]
[   0.6000   0.2000   0.1000 ]
Calculation finished.
Execution time: 10.325761 seconds
Matrix: e^A (Result) (3x3)
Matrix: e^A (3x3)
[   1.2638   0.4696   0.3450 ]
[   0.5010   1.1409   0.5925 ]
[   0.7374   0.3560   1.2528 ]


PS:

Read file <logs/error_OMP_1_threads_run6_16908.err> for stderr output of this job.

