Sender: LSF System <lsfadmin@node3.kepler.hpc.local>
Subject: Job 24105: <OMP_8_threads_run8> in cluster <kepler.lsf.hpc.local> Done

Job <OMP_8_threads_run8> was submitted from host <mgr.kepler.hpc.local> by user <malkovsin.gmail.com> in cluster <kepler.lsf.hpc.local> at Thu May 29 20:03:35 2025
Job was executed on host(s) <node3.kepler.hpc.local>, in queue <normal>, as user <malkovsin.gmail.com> in cluster <kepler.lsf.hpc.local> at Thu May 29 20:05:50 2025
</home/malkovsin.gmail.com> was used as the home directory.
</home/malkovsin.gmail.com/Documents/newlab3> was used as the working directory.
Started at Thu May 29 20:05:50 2025
Terminated at Thu May 29 20:07:15 2025
Results reported at Thu May 29 20:07:15 2025

Your job looked like:

------------------------------------------------------------
# LSBATCH: User input
#!/bin/bash
#BSUB -J OMP_8_threads_run8
#BSUB -W 00:10
#BSUB -n 1
#BSUB -o logs/output_OMP_8_threads_run8_%J.out
#BSUB -e logs/error_OMP_8_threads_run8_%J.err
#BSUB -M 2GB

export OMP_NUM_THREADS=8
./exp_omp

------------------------------------------------------------

Successfully completed.

Resource usage summary:

    CPU time :                                   44.39 sec.
    Max Memory :                                 8 MB
    Average Memory :                             8.00 MB
    Total Requested Memory :                     -
    Delta Memory :                               -
    Max Swap :                                   -
    Max Processes :                              4
    Max Threads :                                12
    Run time :                                   82 sec.
    Turnaround time :                            220 sec.

The output (if any) follows:

Matrix size: 3x3
Number of terms: 500000000 (+ Identity)
Number of threads: 8
Matrix: A (Initial) (3x3)
[   0.1000   0.4000   0.2000 ]
[   0.3000   0.0000   0.5000 ]
[   0.6000   0.2000   0.1000 ]
Calculation finished.
Execution time: 79.120740 seconds
Matrix: e^A (Result) (3x3)
[   1.2638   0.4696   0.3450 ]
[   0.5010   1.1409   0.5925 ]
[   0.7374   0.3560   1.2528 ]


PS:

Read file <logs/error_OMP_8_threads_run8_24105.err> for stderr output of this job.

