Sender: LSF System <lsfadmin@node5.kepler.hpc.local>
Subject: Job 16952: <OMP_16_threads_run10> in cluster <kepler.lsf.hpc.local> Done

Job <OMP_16_threads_run10> was submitted from host <mgr.kepler.hpc.local> by user <malkovsin.gmail.com> in cluster <kepler.lsf.hpc.local> at Mon May 26 09:20:51 2025
Job was executed on host(s) <node5.kepler.hpc.local>, in queue <normal>, as user <malkovsin.gmail.com> in cluster <kepler.lsf.hpc.local> at Mon May 26 09:26:06 2025
</home/malkovsin.gmail.com> was used as the home directory.
</home/malkovsin.gmail.com/Documents/newlab3> was used as the working directory.
Started at Mon May 26 09:26:06 2025
Terminated at Mon May 26 09:26:35 2025
Results reported at Mon May 26 09:26:35 2025

Your job looked like:

------------------------------------------------------------
# LSBATCH: User input
#!/bin/bash
#BSUB -J OMP_16_threads_run10
#BSUB -W 03:20
#BSUB -n 1
#BSUB -o logs/output_OMP_16_threads_run10_%J.out
#BSUB -e logs/error_OMP_16_threads_run10_%J.err
#BSUB -M 2GB

export OMP_NUM_THREADS=16
./exp_omp

------------------------------------------------------------

Successfully completed.

Resource usage summary:

    CPU time :                                   88.70 sec.
    Max Memory :                                 8 MB
    Average Memory :                             6.25 MB
    Total Requested Memory :                     -
    Delta Memory :                               -
    Max Swap :                                   -
    Max Processes :                              4
    Max Threads :                                20
    Run time :                                   35 sec.
    Turnaround time :                            344 sec.

The output (if any) follows:

Matrix size: 3x3
Number of terms: 50000000 (+ Identity)
Number of threads: 16
Matrix: A (Initial) (3x3)
Matrix: A (3x3)
[   0.1000   0.4000   0.2000 ]
[   0.3000   0.0000   0.5000 ]
[   0.6000   0.2000   0.1000 ]
Calculation finished.
Execution time: 11.783019 seconds
Matrix: e^A (Result) (3x3)
Matrix: e^A (3x3)
[   1.3229   0.6698   0.4576 ]
[   0.6658   1.1493   0.8397 ]
[   1.0366   0.4682   1.3098 ]


PS:

Read file <logs/error_OMP_16_threads_run10_16952.err> for stderr output of this job.

