Sender: LSF System <lsfadmin@node2.kepler.hpc.local>
Subject: Job 16885: <MPI_8_procs_run3> in cluster <kepler.lsf.hpc.local> Done

Job <MPI_8_procs_run3> was submitted from host <mgr.kepler.hpc.local> by user <malkovsin.gmail.com> in cluster <kepler.lsf.hpc.local> at Mon May 26 09:20:27 2025
Job was executed on host(s) <8*node2.kepler.hpc.local>, in queue <normal>, as user <malkovsin.gmail.com> in cluster <kepler.lsf.hpc.local> at Mon May 26 09:26:46 2025
</home/malkovsin.gmail.com> was used as the home directory.
</home/malkovsin.gmail.com/Documents/newlab3> was used as the working directory.
Started at Mon May 26 09:26:46 2025
Terminated at Mon May 26 09:27:04 2025
Results reported at Mon May 26 09:27:04 2025

Your job looked like:

------------------------------------------------------------
# LSBATCH: User input
#!/bin/bash
#BSUB -J MPI_8_procs_run3
#BSUB -W 00:10
#BSUB -n 8
#BSUB -R "span[ptile=8]"
#BSUB -o logs/output_MPI_8_procs_run3_%J.out
#BSUB -e logs/error_MPI_8_procs_run3_%J.err
#BSUB -M 2GB

module load mpi/openmpi-x86_64
mpirun --bind-to core --map-by core ./exp_mpi

------------------------------------------------------------

Successfully completed.

Resource usage summary:

    CPU time :                                   15.56 sec.
    Max Memory :                                 899 MB
    Average Memory :                             685.50 MB
    Total Requested Memory :                     -
    Delta Memory :                               -
    Max Swap :                                   -
    Max Processes :                              20
    Max Threads :                                88
    Run time :                                   11 sec.
    Turnaround time :                            397 sec.

The output (if any) follows:

Matrix size: 3x3
Number of terms: 50000000 (+ Identity)
Number of threads: 16
Matrix: A (Initial) (3x3)
Matrix: A (3x3)
[   0.1000   0.4000   0.2000 ]
[   0.3000   0.0000   0.5000 ]
[   0.6000   0.2000   0.1000 ]
Calculation finished.
Execution time: 0.327512 seconds
Matrix: e^A (Result) (3x3)
Matrix: e^A (3x3)
[   1.2638   0.4696   0.3450 ]
[   0.5010   1.1409   0.5925 ]
[   0.7374   0.3560   1.2528 ]


PS:

Read file <logs/error_MPI_8_procs_run3_16885.err> for stderr output of this job.

