Sender: LSF System <lsfadmin@node3.kepler.hpc.local>
Subject: Job 16944: <OMP_16_threads_run2> in cluster <kepler.lsf.hpc.local> Done

Job <OMP_16_threads_run2> was submitted from host <mgr.kepler.hpc.local> by user <malkovsin.gmail.com> in cluster <kepler.lsf.hpc.local> at Mon May 26 09:20:49 2025
Job was executed on host(s) <node3.kepler.hpc.local>, in queue <normal>, as user <malkovsin.gmail.com> in cluster <kepler.lsf.hpc.local> at Mon May 26 09:25:53 2025
</home/malkovsin.gmail.com> was used as the home directory.
</home/malkovsin.gmail.com/Documents/newlab3> was used as the working directory.
Started at Mon May 26 09:25:53 2025
Terminated at Mon May 26 09:26:27 2025
Results reported at Mon May 26 09:26:27 2025

Your job looked like:

------------------------------------------------------------
# LSBATCH: User input
#!/bin/bash
#BSUB -J OMP_16_threads_run2
#BSUB -W 03:20
#BSUB -n 1
#BSUB -o logs/output_OMP_16_threads_run2_%J.out
#BSUB -e logs/error_OMP_16_threads_run2_%J.err
#BSUB -M 2GB

export OMP_NUM_THREADS=16
./exp_omp

------------------------------------------------------------

Successfully completed.

Resource usage summary:

    CPU time :                                   18.48 sec.
    Max Memory :                                 8 MB
    Average Memory :                             4.00 MB
    Total Requested Memory :                     -
    Delta Memory :                               -
    Max Swap :                                   -
    Max Processes :                              4
    Max Threads :                                20
    Run time :                                   33 sec.
    Turnaround time :                            338 sec.

The output (if any) follows:

Matrix size: 3x3
Number of terms: 50000000 (+ Identity)
Number of threads: 16
Matrix: A (Initial) (3x3)
Matrix: A (3x3)
[   0.1000   0.4000   0.2000 ]
[   0.3000   0.0000   0.5000 ]
[   0.6000   0.2000   0.1000 ]
Calculation finished.
Execution time: 6.089973 seconds
Matrix: e^A (Result) (3x3)
Matrix: e^A (3x3)
[   1.2694   0.4737   0.3500 ]
[   0.5534   1.1182   0.8302 ]
[   0.9509   0.3547   1.2050 ]


PS:

Read file <logs/error_OMP_16_threads_run2_16944.err> for stderr output of this job.

