Sender: LSF System <lsfadmin@node5.kepler.hpc.local>
Subject: Job 16933: <OMP_8_threads_run1> in cluster <kepler.lsf.hpc.local> Done

Job <OMP_8_threads_run1> was submitted from host <mgr.kepler.hpc.local> by user <malkovsin.gmail.com> in cluster <kepler.lsf.hpc.local> at Mon May 26 09:20:44 2025
Job was executed on host(s) <node5.kepler.hpc.local>, in queue <normal>, as user <malkovsin.gmail.com> in cluster <kepler.lsf.hpc.local> at Mon May 26 09:25:41 2025
</home/malkovsin.gmail.com> was used as the home directory.
</home/malkovsin.gmail.com/Documents/newlab3> was used as the working directory.
Started at Mon May 26 09:25:41 2025
Terminated at Mon May 26 09:26:01 2025
Results reported at Mon May 26 09:26:01 2025

Your job looked like:

------------------------------------------------------------
# LSBATCH: User input
#!/bin/bash
#BSUB -J OMP_8_threads_run1
#BSUB -W 02:10
#BSUB -n 1
#BSUB -o logs/output_OMP_8_threads_run1_%J.out
#BSUB -e logs/error_OMP_8_threads_run1_%J.err
#BSUB -M 1GB

export OMP_NUM_THREADS=8
./exp_omp

------------------------------------------------------------

Successfully completed.

Resource usage summary:

    CPU time :                                   18.10 sec.
    Max Memory :                                 8 MB
    Average Memory :                             5.75 MB
    Total Requested Memory :                     -
    Delta Memory :                               -
    Max Swap :                                   -
    Max Processes :                              4
    Max Threads :                                12
    Run time :                                   11 sec.
    Turnaround time :                            317 sec.

The output (if any) follows:

Matrix size: 3x3
Number of terms: 50000000 (+ Identity)
Number of threads: 8
Matrix: A (Initial) (3x3)
Matrix: A (3x3)
[   0.1000   0.4000   0.2000 ]
[   0.3000   0.0000   0.5000 ]
[   0.6000   0.2000   0.1000 ]
Calculation finished.
Execution time: 4.009964 seconds
Matrix: e^A (Result) (3x3)
Matrix: e^A (3x3)
[   1.4402   0.5175   0.5201 ]
[   0.7756   1.3104   0.6598 ]
[   0.8662   0.5760   1.4356 ]


PS:

Read file <logs/error_OMP_8_threads_run1_16933.err> for stderr output of this job.

