Sender: LSF System <lsfadmin@mgr.kepler.hpc.local>
Subject: Job 16930: <OMP_4_threads_run8> in cluster <kepler.lsf.hpc.local> Done

Job <OMP_4_threads_run8> was submitted from host <mgr.kepler.hpc.local> by user <malkovsin.gmail.com> in cluster <kepler.lsf.hpc.local> at Mon May 26 09:20:43 2025
Job was executed on host(s) <mgr.kepler.hpc.local>, in queue <normal>, as user <malkovsin.gmail.com> in cluster <kepler.lsf.hpc.local> at Mon May 26 09:25:38 2025
</home/malkovsin.gmail.com> was used as the home directory.
</home/malkovsin.gmail.com/Documents/newlab3> was used as the working directory.
Started at Mon May 26 09:25:38 2025
Terminated at Mon May 26 09:26:09 2025
Results reported at Mon May 26 09:26:09 2025

Your job looked like:

------------------------------------------------------------
# LSBATCH: User input
#!/bin/bash
#BSUB -J OMP_4_threads_run8
#BSUB -W 02:10
#BSUB -n 1
#BSUB -o logs/output_OMP_4_threads_run8_%J.out
#BSUB -e logs/error_OMP_4_threads_run8_%J.err
#BSUB -M 1GB

export OMP_NUM_THREADS=4
./exp_omp

------------------------------------------------------------

Successfully completed.

Resource usage summary:

    CPU time :                                   2.26 sec.
    Max Memory :                                 8 MB
    Average Memory :                             4.80 MB
    Total Requested Memory :                     -
    Delta Memory :                               -
    Max Swap :                                   -
    Max Processes :                              4
    Max Threads :                                8
    Run time :                                   25 sec.
    Turnaround time :                            326 sec.

The output (if any) follows:

Matrix size: 3x3
Number of terms: 50000000 (+ Identity)
Number of threads: 4
Matrix: A (Initial) (3x3)
Matrix: A (3x3)
[   0.1000   0.4000   0.2000 ]
[   0.3000   0.0000   0.5000 ]
[   0.6000   0.2000   0.1000 ]
Calculation finished.
Execution time: 11.449201 seconds
Matrix: e^A (Result) (3x3)
Matrix: e^A (3x3)
[   1.2638   0.4696   0.3450 ]
[   0.5010   1.1409   0.5925 ]
[   0.7374   0.3560   1.2528 ]


PS:

Read file <logs/error_OMP_4_threads_run8_16930.err> for stderr output of this job.

