Sender: LSF System <lsfadmin@node3.kepler.hpc.local>
Subject: Job 16863: <MPI_2_procs_run1> in cluster <kepler.lsf.hpc.local> Done

Job <MPI_2_procs_run1> was submitted from host <mgr.kepler.hpc.local> by user <malkovsin.gmail.com> in cluster <kepler.lsf.hpc.local> at Mon May 26 09:20:20 2025
Job was executed on host(s) <2*node3.kepler.hpc.local>, in queue <normal>, as user <malkovsin.gmail.com> in cluster <kepler.lsf.hpc.local> at Mon May 26 09:24:58 2025
</home/malkovsin.gmail.com> was used as the home directory.
</home/malkovsin.gmail.com/Documents/newlab3> was used as the working directory.
Started at Mon May 26 09:24:58 2025
Terminated at Mon May 26 09:25:25 2025
Results reported at Mon May 26 09:25:25 2025

Your job looked like:

------------------------------------------------------------
# LSBATCH: User input
#!/bin/bash
#BSUB -J MPI_2_procs_run1
#BSUB -W 00:05
#BSUB -n 2
#BSUB -R "span[ptile=2]"
#BSUB -o logs/output_MPI_2_procs_run1_%J.out
#BSUB -e logs/error_MPI_2_procs_run1_%J.err
#BSUB -M 2GB

module load mpi/openmpi-x86_64
mpirun --bind-to core --map-by core ./exp_mpi

------------------------------------------------------------

Successfully completed.

Resource usage summary:

    CPU time :                                   7.62 sec.
    Max Memory :                                 901 MB
    Average Memory :                             677.50 MB
    Total Requested Memory :                     -
    Delta Memory :                               -
    Max Swap :                                   -
    Max Processes :                              20
    Max Threads :                                88
    Run time :                                   20 sec.
    Turnaround time :                            305 sec.

The output (if any) follows:

Matrix size: 3x3
Number of terms: 50000000 (+ Identity)
Number of threads: 16
Matrix: A (Initial) (3x3)
Matrix: A (3x3)
[   0.1000   0.4000   0.2000 ]
[   0.3000   0.0000   0.5000 ]
[   0.6000   0.2000   0.1000 ]
Calculation finished.
Execution time: 0.282472 seconds
Matrix: e^A (Result) (3x3)
Matrix: e^A (3x3)
[   1.2638   0.4696   0.3450 ]
[   0.5010   1.1409   0.5925 ]
[   0.7374   0.3560   1.2528 ]


PS:

Read file <logs/error_MPI_2_procs_run1_16863.err> for stderr output of this job.

