Sender: LSF System <lsfadmin@node2.kepler.hpc.local>
Subject: Job 16914: <OMP_2_threads_run2> in cluster <kepler.lsf.hpc.local> Done

Job <OMP_2_threads_run2> was submitted from host <mgr.kepler.hpc.local> by user <malkovsin.gmail.com> in cluster <kepler.lsf.hpc.local> at Mon May 26 09:20:37 2025
Job was executed on host(s) <node2.kepler.hpc.local>, in queue <normal>, as user <malkovsin.gmail.com> in cluster <kepler.lsf.hpc.local> at Mon May 26 09:25:35 2025
</home/malkovsin.gmail.com> was used as the home directory.
</home/malkovsin.gmail.com/Documents/newlab3> was used as the working directory.
Started at Mon May 26 09:25:35 2025
Terminated at Mon May 26 09:26:03 2025
Results reported at Mon May 26 09:26:03 2025

Your job looked like:

------------------------------------------------------------
# LSBATCH: User input
#!/bin/bash
#BSUB -J OMP_2_threads_run2
#BSUB -W 01:00
#BSUB -n 1
#BSUB -o logs/output_OMP_2_threads_run2_%J.out
#BSUB -e logs/error_OMP_2_threads_run2_%J.err
#BSUB -M 512MB

export OMP_NUM_THREADS=2
./exp_omp

------------------------------------------------------------

Successfully completed.

Resource usage summary:

    CPU time :                                   1.70 sec.
    Max Memory :                                 8 MB
    Average Memory :                             4.50 MB
    Total Requested Memory :                     -
    Delta Memory :                               -
    Max Swap :                                   66 MB
    Max Processes :                              4
    Max Threads :                                6
    Run time :                                   29 sec.
    Turnaround time :                            326 sec.

The output (if any) follows:

Matrix size: 3x3
Number of terms: 50000000 (+ Identity)
Number of threads: 2
Matrix: A (Initial) (3x3)
Matrix: A (3x3)
[   0.1000   0.4000   0.2000 ]
[   0.3000   0.0000   0.5000 ]
[   0.6000   0.2000   0.1000 ]
Calculation finished.
Execution time: 6.052300 seconds
Matrix: e^A (Result) (3x3)
Matrix: e^A (3x3)
[   1.2638   0.4696   0.3450 ]
[   0.5010   1.1409   0.5925 ]
[   0.7374   0.3560   1.2528 ]


PS:

Read file <logs/error_OMP_2_threads_run2_16914.err> for stderr output of this job.

