Sender: LSF System <lsfadmin@node5.kepler.hpc.local>
Subject: Job 16921: <OMP_2_threads_run9> in cluster <kepler.lsf.hpc.local> Done

Job <OMP_2_threads_run9> was submitted from host <mgr.kepler.hpc.local> by user <malkovsin.gmail.com> in cluster <kepler.lsf.hpc.local> at Mon May 26 09:20:40 2025
Job was executed on host(s) <node5.kepler.hpc.local>, in queue <normal>, as user <malkovsin.gmail.com> in cluster <kepler.lsf.hpc.local> at Mon May 26 09:25:31 2025
</home/malkovsin.gmail.com> was used as the home directory.
</home/malkovsin.gmail.com/Documents/newlab3> was used as the working directory.
Started at Mon May 26 09:25:31 2025
Terminated at Mon May 26 09:25:46 2025
Results reported at Mon May 26 09:25:46 2025

Your job looked like:

------------------------------------------------------------
# LSBATCH: User input
#!/bin/bash
#BSUB -J OMP_2_threads_run9
#BSUB -W 01:00
#BSUB -n 1
#BSUB -o logs/output_OMP_2_threads_run9_%J.out
#BSUB -e logs/error_OMP_2_threads_run9_%J.err
#BSUB -M 512MB

export OMP_NUM_THREADS=2
./exp_omp

------------------------------------------------------------

Successfully completed.

Resource usage summary:

    CPU time :                                   1.72 sec.
    Max Memory :                                 8 MB
    Average Memory :                             4.50 MB
    Total Requested Memory :                     -
    Delta Memory :                               -
    Max Swap :                                   -
    Max Processes :                              4
    Max Threads :                                6
    Run time :                                   17 sec.
    Turnaround time :                            306 sec.

The output (if any) follows:

Matrix size: 3x3
Number of terms: 50000000 (+ Identity)
Number of threads: 2
Matrix: A (Initial) (3x3)
Matrix: A (3x3)
[   0.1000   0.4000   0.2000 ]
[   0.3000   0.0000   0.5000 ]
[   0.6000   0.2000   0.1000 ]
Calculation finished.
Execution time: 3.933985 seconds
Matrix: e^A (Result) (3x3)
Matrix: e^A (3x3)
[   1.2687   0.4733   0.3496 ]
[   0.5074   1.1448   0.5973 ]
[   0.7438   0.3609   1.2575 ]


PS:

Read file <logs/error_OMP_2_threads_run9_16921.err> for stderr output of this job.

