Sender: LSF System <lsfadmin@node4.kepler.hpc.local>
Subject: Job 24052: <MPI_8_procs_run5> in cluster <kepler.lsf.hpc.local> Done

Job <MPI_8_procs_run5> was submitted from host <mgr.kepler.hpc.local> by user <malkovsin.gmail.com> in cluster <kepler.lsf.hpc.local> at Thu May 29 20:03:24 2025
Job was executed on host(s) <8*node4.kepler.hpc.local>, in queue <normal>, as user <malkovsin.gmail.com> in cluster <kepler.lsf.hpc.local> at Thu May 29 20:05:09 2025
</home/malkovsin.gmail.com> was used as the home directory.
</home/malkovsin.gmail.com/Documents/newlab3> was used as the working directory.
Started at Thu May 29 20:05:09 2025
Terminated at Thu May 29 20:05:46 2025
Results reported at Thu May 29 20:05:46 2025

Your job looked like:

------------------------------------------------------------
# LSBATCH: User input
#!/bin/bash
#BSUB -J MPI_8_procs_run5
#BSUB -W 00:10
#BSUB -n 8
#BSUB -R "span[ptile=8]"
#BSUB -o logs/output_MPI_8_procs_run5_%J.out
#BSUB -e logs/error_MPI_8_procs_run5_%J.err
#BSUB -M 2GB

module load mpi/openmpi-x86_64
mpirun --bind-to core --map-by core ./exp_mpi

------------------------------------------------------------

Successfully completed.

Resource usage summary:

    CPU time :                                   191.15 sec.
    Max Memory :                                 903 MB
    Average Memory :                             454.33 MB
    Total Requested Memory :                     -
    Delta Memory :                               -
    Max Swap :                                   -
    Max Processes :                              20
    Max Threads :                                88
    Run time :                                   33 sec.
    Turnaround time :                            142 sec.

The output (if any) follows:

Matrix size: 3x3
Terms in Taylor series: 500000000 (+ Identity)
Number of MPI processes: 16
Execution time: 23.14 seconds
e^A (approximated)::
[   1.2638   0.4696   0.3450 ]
[   0.5010   1.1409   0.5925 ]
[   0.7374   0.3560   1.2528 ]


PS:

Read file <logs/error_MPI_8_procs_run5_24052.err> for stderr output of this job.

