Sender: LSF System <lsfadmin@node2.kepler.hpc.local>
Subject: Job 16942: <OMP_8_threads_run10> in cluster <kepler.lsf.hpc.local> Done

Job <OMP_8_threads_run10> was submitted from host <mgr.kepler.hpc.local> by user <malkovsin.gmail.com> in cluster <kepler.lsf.hpc.local> at Mon May 26 09:20:47 2025
Job was executed on host(s) <node2.kepler.hpc.local>, in queue <normal>, as user <malkovsin.gmail.com> in cluster <kepler.lsf.hpc.local> at Mon May 26 09:26:03 2025
</home/malkovsin.gmail.com> was used as the home directory.
</home/malkovsin.gmail.com/Documents/newlab3> was used as the working directory.
Started at Mon May 26 09:26:03 2025
Terminated at Mon May 26 09:26:24 2025
Results reported at Mon May 26 09:26:24 2025

Your job looked like:

------------------------------------------------------------
# LSBATCH: User input
#!/bin/bash
#BSUB -J OMP_8_threads_run10
#BSUB -W 02:10
#BSUB -n 1
#BSUB -o logs/output_OMP_8_threads_run10_%J.out
#BSUB -e logs/error_OMP_8_threads_run10_%J.err
#BSUB -M 1GB

export OMP_NUM_THREADS=8
./exp_omp

------------------------------------------------------------

Successfully completed.

Resource usage summary:

    CPU time :                                   6.43 sec.
    Max Memory :                                 8 MB
    Average Memory :                             4.50 MB
    Total Requested Memory :                     -
    Delta Memory :                               -
    Max Swap :                                   -
    Max Processes :                              4
    Max Threads :                                12
    Run time :                                   24 sec.
    Turnaround time :                            337 sec.

The output (if any) follows:

Matrix size: 3x3
Number of terms: 50000000 (+ Identity)
Number of threads: 8
Matrix: A (Initial) (3x3)
Matrix: A (3x3)
[   0.1000   0.4000   0.2000 ]
[   0.3000   0.0000   0.5000 ]
[   0.6000   0.2000   0.1000 ]
Calculation finished.
Execution time: 3.693293 seconds
Matrix: e^A (Result) (3x3)
Matrix: e^A (3x3)
[   1.2638   0.4696   0.3450 ]
[   0.5010   1.1409   0.5925 ]
[   0.7374   0.3560   1.2528 ]


PS:

Read file <logs/error_OMP_8_threads_run10_16942.err> for stderr output of this job.

