Sender: LSF System <lsfadmin@mgr.kepler.hpc.local>
Subject: Job 16801: <OMP_1_threads_run4> in cluster <kepler.lsf.hpc.local> Done

Job <OMP_1_threads_run4> was submitted from host <mgr.kepler.hpc.local> by user <malkovsin.gmail.com> in cluster <kepler.lsf.hpc.local> at Mon May 26 08:54:45 2025
Job was executed on host(s) <mgr.kepler.hpc.local>, in queue <normal>, as user <malkovsin.gmail.com> in cluster <kepler.lsf.hpc.local> at Mon May 26 08:54:45 2025
</home/malkovsin.gmail.com> was used as the home directory.
</home/malkovsin.gmail.com/Documents/newlab3> was used as the working directory.
Started at Mon May 26 08:54:45 2025
Terminated at Mon May 26 09:25:22 2025
Results reported at Mon May 26 09:25:22 2025

Your job looked like:

------------------------------------------------------------
# LSBATCH: User input
#!/bin/bash
#BSUB -J OMP_1_threads_run4
#BSUB -W 01:00
#BSUB -n 1
#BSUB -o logs/output_OMP_1_threads_run4_%J.out
#BSUB -e logs/error_OMP_1_threads_run4_%J.err
#BSUB -M 512MB

export OMP_NUM_THREADS=1
./exp_omp

------------------------------------------------------------

Successfully completed.

Resource usage summary:

    CPU time :                                   183.55 sec.
    Max Memory :                                 8 MB
    Average Memory :                             7.99 MB
    Total Requested Memory :                     -
    Delta Memory :                               -
    Max Swap :                                   -
    Max Processes :                              4
    Max Threads :                                5
    Run time :                                   1837 sec.
    Turnaround time :                            1837 sec.

The output (if any) follows:

Matrix size: 3x3
Number of terms: 50000000 (+ Identity)
Number of OpenMP threads: 1
Matrix: A (Initial) (3x3)
  [  0.1000   0.4000   0.2000 ]
  [  0.3000   0.0000   0.5000 ]
  [  0.6000   0.2000   0.1000 ]

Starting calculation...
Calculation finished.
Execution time: 1835.161635 seconds
Matrix: e^A (Result) (3x3)
  [  1.2638   0.4696   0.3450 ]
  [  0.5010   1.1409   0.5925 ]
  [  0.7374   0.3560   1.2528 ]



PS:

Read file <logs/error_OMP_1_threads_run4_16801.err> for stderr output of this job.

