Sender: LSF System <lsfadmin@node3.kepler.hpc.local>
Subject: Job 16818: <OMP_4_threads_run1> in cluster <kepler.lsf.hpc.local> Done

Job <OMP_4_threads_run1> was submitted from host <mgr.kepler.hpc.local> by user <malkovsin.gmail.com> in cluster <kepler.lsf.hpc.local> at Mon May 26 08:54:52 2025
Job was executed on host(s) <node3.kepler.hpc.local>, in queue <normal>, as user <malkovsin.gmail.com> in cluster <kepler.lsf.hpc.local> at Mon May 26 09:25:02 2025
</home/malkovsin.gmail.com> was used as the home directory.
</home/malkovsin.gmail.com/Documents/newlab3> was used as the working directory.
Started at Mon May 26 09:25:02 2025
Terminated at Mon May 26 09:25:46 2025
Results reported at Mon May 26 09:25:46 2025

Your job looked like:

------------------------------------------------------------
# LSBATCH: User input
#!/bin/bash
#BSUB -J OMP_4_threads_run1
#BSUB -W 02:10
#BSUB -n 1
#BSUB -o logs/output_OMP_4_threads_run1_%J.out
#BSUB -e logs/error_OMP_4_threads_run1_%J.err
#BSUB -M 1GB

export OMP_NUM_THREADS=4
./exp_omp

------------------------------------------------------------

Successfully completed.

Resource usage summary:

    CPU time :                                   17.23 sec.
    Max Memory :                                 7 MB
    Average Memory :                             4.00 MB
    Total Requested Memory :                     -
    Delta Memory :                               -
    Max Swap :                                   -
    Max Processes :                              3
    Max Threads :                                4
    Run time :                                   37 sec.
    Turnaround time :                            1854 sec.

The output (if any) follows:

Matrix size: 3x3
Number of terms: 50000000 (+ Identity)
Number of threads: 4
Matrix: A (Initial) (3x3)
Matrix: A (3x3)
[   0.1000   0.4000   0.2000 ]
[   0.3000   0.0000   0.5000 ]
[   0.6000   0.2000   0.1000 ]
Calculation finished.
Execution time: 4.304644 seconds
Matrix: e^A (Result) (3x3)
Matrix: e^A (3x3)
[   1.2277   0.7534   0.4047 ]
[   0.6028   1.0380   0.9431 ]
[   1.1340   0.4059   1.2240 ]


PS:

Read file <logs/error_OMP_4_threads_run1_16818.err> for stderr output of this job.

