Sender: LSF System <lsfadmin@node3.kepler.hpc.local>
Subject: Job 16887: <MPI_8_procs_run5> in cluster <kepler.lsf.hpc.local> Exited

Job <MPI_8_procs_run5> was submitted from host <mgr.kepler.hpc.local> by user <malkovsin.gmail.com> in cluster <kepler.lsf.hpc.local> at Mon May 26 09:20:28 2025
Job was executed on host(s) <8*node3.kepler.hpc.local>, in queue <normal>, as user <malkovsin.gmail.com> in cluster <kepler.lsf.hpc.local> at Mon May 26 09:27:00 2025
</home/malkovsin.gmail.com> was used as the home directory.
</home/malkovsin.gmail.com/Documents/newlab3> was used as the working directory.
Started at Mon May 26 09:27:00 2025
Terminated at Mon May 26 09:27:14 2025
Results reported at Mon May 26 09:27:14 2025

Your job looked like:

------------------------------------------------------------
# LSBATCH: User input
#!/bin/bash
#BSUB -J MPI_8_procs_run5
#BSUB -W 00:10
#BSUB -n 8
#BSUB -R "span[ptile=8]"
#BSUB -o logs/output_MPI_8_procs_run5_%J.out
#BSUB -e logs/error_MPI_8_procs_run5_%J.err
#BSUB -M 2GB

module load mpi/openmpi-x86_64
mpirun --bind-to core --map-by core ./exp_mpi

------------------------------------------------------------

Exited with exit code 139.

Resource usage summary:

    CPU time :                                   4.00 sec.
    Max Memory :                                 583 MB
    Average Memory :                             389.00 MB
    Total Requested Memory :                     -
    Delta Memory :                               -
    Max Swap :                                   -
    Max Processes :                              20
    Max Threads :                                56
    Run time :                                   20 sec.
    Turnaround time :                            406 sec.

The output (if any) follows:



PS:

Read file <logs/error_MPI_8_procs_run5_16887.err> for stderr output of this job.

