Sender: LSF System <lsfadmin@node3.kepler.hpc.local>
Subject: Job 24025: <MPI_1_procs_run8> in cluster <kepler.lsf.hpc.local> Done

Job <MPI_1_procs_run8> was submitted from host <mgr.kepler.hpc.local> by user <malkovsin.gmail.com> in cluster <kepler.lsf.hpc.local> at Thu May 29 20:03:18 2025
Job was executed on host(s) <node3.kepler.hpc.local>, in queue <normal>, as user <malkovsin.gmail.com> in cluster <kepler.lsf.hpc.local> at Thu May 29 20:10:05 2025
</home/malkovsin.gmail.com> was used as the home directory.
</home/malkovsin.gmail.com/Documents/newlab3> was used as the working directory.
Started at Thu May 29 20:10:05 2025
Terminated at Thu May 29 20:12:41 2025
Results reported at Thu May 29 20:12:41 2025

Your job looked like:

------------------------------------------------------------
# LSBATCH: User input
#!/bin/bash
#BSUB -J MPI_1_procs_run8
#BSUB -W 00:05
#BSUB -n 1
#BSUB -R "span[ptile=1]"
#BSUB -o logs/output_MPI_1_procs_run8_%J.out
#BSUB -e logs/error_MPI_1_procs_run8_%J.err
#BSUB -M 2GB

module load mpi/openmpi-x86_64
mpirun --bind-to core --map-by core ./exp_mpi

------------------------------------------------------------

Successfully completed.

Resource usage summary:

    CPU time :                                   193.52 sec.
    Max Memory :                                 1246 MB
    Average Memory :                             753.71 MB
    Total Requested Memory :                     -
    Delta Memory :                               -
    Max Swap :                                   -
    Max Processes :                              20
    Max Threads :                                88
    Run time :                                   145 sec.
    Turnaround time :                            563 sec.

The output (if any) follows:

Matrix size: 3x3
Terms in Taylor series: 500000000 (+ Identity)
Number of MPI processes: 16
Execution time: 117.06 seconds
e^A (approximated)::
[   1.2638   0.4696   0.3450 ]
[   0.5010   1.1409   0.5925 ]
[   0.7374   0.3560   1.2528 ]


PS:

Read file <logs/error_MPI_1_procs_run8_24025.err> for stderr output of this job.

