Sender: LSF System <lsfadmin@mgr.kepler.hpc.local>
Subject: Job 24046: <MPI_4_procs_run9> in cluster <kepler.lsf.hpc.local> Done

Job <MPI_4_procs_run9> was submitted from host <mgr.kepler.hpc.local> by user <malkovsin.gmail.com> in cluster <kepler.lsf.hpc.local> at Thu May 29 20:03:23 2025
Job was executed on host(s) <4*mgr.kepler.hpc.local>, in queue <normal>, as user <malkovsin.gmail.com> in cluster <kepler.lsf.hpc.local> at Thu May 29 20:03:26 2025
</home/malkovsin.gmail.com> was used as the home directory.
</home/malkovsin.gmail.com/Documents/newlab3> was used as the working directory.
Started at Thu May 29 20:03:26 2025
Terminated at Thu May 29 20:07:05 2025
Results reported at Thu May 29 20:07:05 2025

Your job looked like:

------------------------------------------------------------
# LSBATCH: User input
#!/bin/bash
#BSUB -J MPI_4_procs_run9
#BSUB -W 00:10
#BSUB -n 4
#BSUB -R "span[ptile=4]"
#BSUB -o logs/output_MPI_4_procs_run9_%J.out
#BSUB -e logs/error_MPI_4_procs_run9_%J.err
#BSUB -M 2GB

module load mpi/openmpi-x86_64
mpirun --bind-to core --map-by core ./exp_mpi

------------------------------------------------------------

Successfully completed.

Resource usage summary:

    CPU time :                                   301.59 sec.
    Max Memory :                                 951 MB
    Average Memory :                             827.69 MB
    Total Requested Memory :                     -
    Delta Memory :                               -
    Max Swap :                                   199 MB
    Max Processes :                              20
    Max Threads :                                88
    Run time :                                   218 sec.
    Turnaround time :                            222 sec.

The output (if any) follows:

Matrix size: 3x3
Terms in Taylor series: 500000000 (+ Identity)
Number of MPI processes: 16
Execution time: 199.00 seconds
e^A (approximated)::
[   1.2638   0.4696   0.3450 ]
[   0.5010   1.1409   0.5925 ]
[   0.7374   0.3560   1.2528 ]


PS:

Read file <logs/error_MPI_4_procs_run9_24046.err> for stderr output of this job.

