Sender: LSF System <lsfadmin@node5.kepler.hpc.local>
Subject: Job 16934: <OMP_8_threads_run2> in cluster <kepler.lsf.hpc.local> Done

Job <OMP_8_threads_run2> was submitted from host <mgr.kepler.hpc.local> by user <malkovsin.gmail.com> in cluster <kepler.lsf.hpc.local> at Mon May 26 09:20:44 2025
Job was executed on host(s) <node5.kepler.hpc.local>, in queue <normal>, as user <malkovsin.gmail.com> in cluster <kepler.lsf.hpc.local> at Mon May 26 09:25:41 2025
</home/malkovsin.gmail.com> was used as the home directory.
</home/malkovsin.gmail.com/Documents/newlab3> was used as the working directory.
Started at Mon May 26 09:25:41 2025
Terminated at Mon May 26 09:25:59 2025
Results reported at Mon May 26 09:25:59 2025

Your job looked like:

------------------------------------------------------------
# LSBATCH: User input
#!/bin/bash
#BSUB -J OMP_8_threads_run2
#BSUB -W 02:10
#BSUB -n 1
#BSUB -o logs/output_OMP_8_threads_run2_%J.out
#BSUB -e logs/error_OMP_8_threads_run2_%J.err
#BSUB -M 1GB

export OMP_NUM_THREADS=8
./exp_omp

------------------------------------------------------------

Successfully completed.

Resource usage summary:

    CPU time :                                   15.95 sec.
    Max Memory :                                 4 MB
    Average Memory :                             2.25 MB
    Total Requested Memory :                     -
    Delta Memory :                               -
    Max Swap :                                   -
    Max Processes :                              1
    Max Threads :                                1
    Run time :                                   10 sec.
    Turnaround time :                            315 sec.

The output (if any) follows:

Matrix size: 3x3
Number of terms: 50000000 (+ Identity)
Number of threads: 8
Matrix: A (Initial) (3x3)
Matrix: A (3x3)
[   0.1000   0.4000   0.2000 ]
[   0.3000   0.0000   0.5000 ]
[   0.6000   0.2000   0.1000 ]
Calculation finished.
Execution time: 3.608066 seconds
Matrix: e^A (Result) (3x3)
Matrix: e^A (3x3)
[   1.3499   0.6676   0.4893 ]
[   0.7107   1.1753   0.8423 ]
[   1.0388   0.5018   1.3328 ]


PS:

Read file <logs/error_OMP_8_threads_run2_16934.err> for stderr output of this job.

