Sender: LSF System <lsfadmin@node5.kepler.hpc.local>
Subject: Job 24087: <OMP_2_threads_run10> in cluster <kepler.lsf.hpc.local> Done

Job <OMP_2_threads_run10> was submitted from host <mgr.kepler.hpc.local> by user <malkovsin.gmail.com> in cluster <kepler.lsf.hpc.local> at Thu May 29 20:03:31 2025
Job was executed on host(s) <node5.kepler.hpc.local>, in queue <normal>, as user <malkovsin.gmail.com> in cluster <kepler.lsf.hpc.local> at Thu May 29 20:05:34 2025
</home/malkovsin.gmail.com> was used as the home directory.
</home/malkovsin.gmail.com/Documents/newlab3> was used as the working directory.
Started at Thu May 29 20:05:34 2025
Terminated at Thu May 29 20:07:30 2025
Results reported at Thu May 29 20:07:30 2025

Your job looked like:

------------------------------------------------------------
# LSBATCH: User input
#!/bin/bash
#BSUB -J OMP_2_threads_run10
#BSUB -W 00:05
#BSUB -n 1
#BSUB -o logs/output_OMP_2_threads_run10_%J.out
#BSUB -e logs/error_OMP_2_threads_run10_%J.err
#BSUB -M 2GB

export OMP_NUM_THREADS=2
./exp_omp

------------------------------------------------------------

Successfully completed.

Resource usage summary:

    CPU time :                                   43.45 sec.
    Max Memory :                                 8 MB
    Average Memory :                             7.94 MB
    Total Requested Memory :                     -
    Delta Memory :                               -
    Max Swap :                                   -
    Max Processes :                              4
    Max Threads :                                6
    Run time :                                   116 sec.
    Turnaround time :                            239 sec.

The output (if any) follows:

Matrix size: 3x3
Number of terms: 500000000 (+ Identity)
Number of threads: 2
Matrix: A (Initial) (3x3)
[   0.1000   0.4000   0.2000 ]
[   0.3000   0.0000   0.5000 ]
[   0.6000   0.2000   0.1000 ]
Calculation finished.
Execution time: 113.817723 seconds
Matrix: e^A (Result) (3x3)
[   1.2638   0.4696   0.3450 ]
[   0.5010   1.1409   0.5925 ]
[   0.7374   0.3560   1.2528 ]


PS:

Read file <logs/error_OMP_2_threads_run10_24087.err> for stderr output of this job.

