Sender: LSF System <lsfadmin@node5.kepler.hpc.local>
Subject: Job 16820: <OMP_4_threads_run3> in cluster <kepler.lsf.hpc.local> Done

Job <OMP_4_threads_run3> was submitted from host <mgr.kepler.hpc.local> by user <malkovsin.gmail.com> in cluster <kepler.lsf.hpc.local> at Mon May 26 08:54:52 2025
Job was executed on host(s) <node5.kepler.hpc.local>, in queue <normal>, as user <malkovsin.gmail.com> in cluster <kepler.lsf.hpc.local> at Mon May 26 09:04:42 2025
</home/malkovsin.gmail.com> was used as the home directory.
</home/malkovsin.gmail.com/Documents/newlab3> was used as the working directory.
Started at Mon May 26 09:04:42 2025
Terminated at Mon May 26 09:27:00 2025
Results reported at Mon May 26 09:27:00 2025

Your job looked like:

------------------------------------------------------------
# LSBATCH: User input
#!/bin/bash
#BSUB -J OMP_4_threads_run3
#BSUB -W 02:10
#BSUB -n 1
#BSUB -o logs/output_OMP_4_threads_run3_%J.out
#BSUB -e logs/error_OMP_4_threads_run3_%J.err
#BSUB -M 1GB

export OMP_NUM_THREADS=4
./exp_omp

------------------------------------------------------------

Successfully completed.

Resource usage summary:

    CPU time :                                   163.93 sec.
    Max Memory :                                 11 MB
    Average Memory :                             10.01 MB
    Total Requested Memory :                     -
    Delta Memory :                               -
    Max Swap :                                   66 MB
    Max Processes :                              4
    Max Threads :                                5
    Run time :                                   1334 sec.
    Turnaround time :                            1928 sec.

The output (if any) follows:

Matrix size: 3x3
Number of terms: 50000000 (+ Identity)
Number of OpenMP threads: 4
Matrix: A (Initial) (3x3)
  [  0.1000   0.4000   0.2000 ]
  [  0.3000   0.0000   0.5000 ]
  [  0.6000   0.2000   0.1000 ]

Starting calculation...
Calculation finished.
Execution time: 1323.681236 seconds
Matrix: e^A (Result) (3x3)
  [  1.2638   0.4696   0.3450 ]
  [  0.5010   1.1409   0.5925 ]
  [  0.7374   0.3560   1.2528 ]



PS:

Read file <logs/error_OMP_4_threads_run3_16820.err> for stderr output of this job.

