Sender: LSF System <lsfadmin@node3.kepler.hpc.local>
Subject: Job 24043: <MPI_4_procs_run6> in cluster <kepler.lsf.hpc.local> Exited

Job <MPI_4_procs_run6> was submitted from host <mgr.kepler.hpc.local> by user <malkovsin.gmail.com> in cluster <kepler.lsf.hpc.local> at Thu May 29 20:03:22 2025
Job was executed on host(s) <4*node3.kepler.hpc.local>, in queue <normal>, as user <malkovsin.gmail.com> in cluster <kepler.lsf.hpc.local> at Thu May 29 20:03:30 2025
</home/malkovsin.gmail.com> was used as the home directory.
</home/malkovsin.gmail.com/Documents/newlab3> was used as the working directory.
Started at Thu May 29 20:03:30 2025
Terminated at Thu May 29 20:03:52 2025
Results reported at Thu May 29 20:03:52 2025

Your job looked like:

------------------------------------------------------------
# LSBATCH: User input
#!/bin/bash
#BSUB -J MPI_4_procs_run6
#BSUB -W 00:10
#BSUB -n 4
#BSUB -R "span[ptile=4]"
#BSUB -o logs/output_MPI_4_procs_run6_%J.out
#BSUB -e logs/error_MPI_4_procs_run6_%J.err
#BSUB -M 2GB

module load mpi/openmpi-x86_64
mpirun --bind-to core --map-by core ./exp_mpi

------------------------------------------------------------

Exited with exit code 139.

Resource usage summary:

    CPU time :                                   4.00 sec.
    Max Memory :                                 586 MB
    Average Memory :                             295.50 MB
    Total Requested Memory :                     -
    Delta Memory :                               -
    Max Swap :                                   -
    Max Processes :                              7
    Max Threads :                                32
    Run time :                                   39 sec.
    Turnaround time :                            30 sec.

The output (if any) follows:



PS:

Read file <logs/error_MPI_4_procs_run6_24043.err> for stderr output of this job.

