Sender: LSF System <lsfadmin@node5.kepler.hpc.local>
Subject: Job 16937: <OMP_8_threads_run5> in cluster <kepler.lsf.hpc.local> Done

Job <OMP_8_threads_run5> was submitted from host <mgr.kepler.hpc.local> by user <malkovsin.gmail.com> in cluster <kepler.lsf.hpc.local> at Mon May 26 09:20:45 2025
Job was executed on host(s) <node5.kepler.hpc.local>, in queue <normal>, as user <malkovsin.gmail.com> in cluster <kepler.lsf.hpc.local> at Mon May 26 09:25:46 2025
</home/malkovsin.gmail.com> was used as the home directory.
</home/malkovsin.gmail.com/Documents/newlab3> was used as the working directory.
Started at Mon May 26 09:25:46 2025
Terminated at Mon May 26 09:26:15 2025
Results reported at Mon May 26 09:26:15 2025

Your job looked like:

------------------------------------------------------------
# LSBATCH: User input
#!/bin/bash
#BSUB -J OMP_8_threads_run5
#BSUB -W 02:10
#BSUB -n 1
#BSUB -o logs/output_OMP_8_threads_run5_%J.out
#BSUB -e logs/error_OMP_8_threads_run5_%J.err
#BSUB -M 1GB

export OMP_NUM_THREADS=8
./exp_omp

------------------------------------------------------------

Successfully completed.

Resource usage summary:

    CPU time :                                   13.44 sec.
    Max Memory :                                 7 MB
    Average Memory :                             4.67 MB
    Total Requested Memory :                     -
    Delta Memory :                               -
    Max Swap :                                   -
    Max Processes :                              3
    Max Threads :                                4
    Run time :                                   15 sec.
    Turnaround time :                            330 sec.

The output (if any) follows:

Matrix size: 3x3
Number of terms: 50000000 (+ Identity)
Number of threads: 8
Matrix: A (Initial) (3x3)
Matrix: A (3x3)
[   0.1000   0.4000   0.2000 ]
[   0.3000   0.0000   0.5000 ]
[   0.6000   0.2000   0.1000 ]
Calculation finished.
Execution time: 3.777079 seconds
Matrix: e^A (Result) (3x3)
Matrix: e^A (3x3)
[   1.4179   0.6993   0.5462 ]
[   0.7899   1.2332   0.8840 ]
[   1.1109   0.5669   1.3988 ]


PS:

Read file <logs/error_OMP_8_threads_run5_16937.err> for stderr output of this job.

