Sender: LSF System <lsfadmin@node3.kepler.hpc.local>
Subject: Job 16789: <MPI_16_procs_run2> in cluster <kepler.lsf.hpc.local> Exited

Job <MPI_16_procs_run2> was submitted from host <mgr.kepler.hpc.local> by user <malkovsin.gmail.com> in cluster <kepler.lsf.hpc.local> at Mon May 26 08:54:39 2025
Job was executed on host(s) <16*node3.kepler.hpc.local>, in queue <normal>, as user <malkovsin.gmail.com> in cluster <kepler.lsf.hpc.local> at Mon May 26 09:27:21 2025
</home/malkovsin.gmail.com> was used as the home directory.
</home/malkovsin.gmail.com/Documents/newlab3> was used as the working directory.
Started at Mon May 26 09:27:21 2025
Terminated at Mon May 26 09:27:28 2025
Results reported at Mon May 26 09:27:28 2025

Your job looked like:

------------------------------------------------------------
# LSBATCH: User input
#!/bin/bash
#BSUB -J MPI_16_procs_run2
#BSUB -W 00:20
#BSUB -n 16
#BSUB -R "span[ptile=16]"
#BSUB -o logs/output_MPI_16_procs_run2_%J.out
#BSUB -e logs/error_MPI_16_procs_run2_%J.err
#BSUB -M 2GB

module load mpi/openmpi-x86_64
mpirun --bind-to core --map-by core ./exp_mpi

------------------------------------------------------------

Exited with exit code 139.

Resource usage summary:

    CPU time :                                   5.00 sec.
    Max Memory :                                 164 MB
    Average Memory :                             126.33 MB
    Total Requested Memory :                     -
    Delta Memory :                               -
    Max Swap :                                   -
    Max Processes :                              20
    Max Threads :                                56
    Run time :                                   4 sec.
    Turnaround time :                            1969 sec.

The output (if any) follows:



PS:

Read file <logs/error_MPI_16_procs_run2_16789.err> for stderr output of this job.

